[2018-01-09T17:59:12.361] [INFO] result - 
<<<----------- response log start  -------->>>
request method: POST
request originalUrl:  /auth/v1.0/E001-001/checkauth
request client ip:  ::ffff:127.0.0.1
request body: 
{"username":"z2c221a11","email":"z1c@qq.com","phone":"134238054731q1"}
response time: 27
response status: 200
response body: 
{"username":true,"email":false,"phone":false,"success":true}
<<<----------- response log end  -------->>>

[2018-01-09T18:00:02.399] [INFO] result - 
<<<----------- response log start  -------->>>
request method: POST
request originalUrl:  /auth/v1.0/E001-001/checkauth
request client ip:  ::ffff:127.0.0.1
request body: 
{"username":"z2c221a11","email":"z1c@qq.com","phone":"134238054731q1"}
response time: 27
response status: 200
response body: 
{"username":true,"email":false,"phone":false,"success":true}
<<<----------- response log end  -------->>>

